{
  "RSpec": {
    "coverage": {
      "/Users/sherodtaylor/Dropbox/wdi/goodfood2/app/controllers/application_controller.rb": [
        1,
        1,
        null,
        1,
        null,
        1,
        0,
        null,
        null,
        1,
        0,
        null,
        null
      ],
      "/Users/sherodtaylor/Dropbox/wdi/goodfood2/app/helpers/application_helper.rb": [
        1,
        null
      ],
      "/Users/sherodtaylor/Dropbox/wdi/goodfood2/app/helpers/goodfood_helper.rb": [
        1,
        null
      ],
      "/Users/sherodtaylor/Dropbox/wdi/goodfood2/app/controllers/goodfood_controller.rb": [
        1,
        null,
        1,
        null,
        null,
        null,
        null,
        null,
        null,
        null,
        null,
        null,
        null,
        null,
        null,
        null,
        null,
        1,
        null,
        2,
        2,
        null,
        2,
        2,
        2,
        2,
        2,
        2,
        2,
        2,
        0,
        0,
        0,
        0,
        0,
        null,
        2,
        null,
        null,
        null,
        2,
        2,
        2,
        2,
        2,
        2,
        2,
        null,
        null,
        null,
        null,
        null,
        1,
        1,
        1,
        1,
        1,
        1,
        1,
        1,
        1,
        1,
        1,
        1,
        null,
        null,
        null,
        1,
        null,
        null,
        1,
        null,
        null,
        1,
        null,
        0,
        0,
        0,
        0,
        null,
        null,
        null,
        1,
        null,
        0,
        null,
        0,
        0,
        0,
        null,
        0,
        null,
        null,
        1,
        1,
        1,
        1,
        null,
        null,
        null,
        null,
        null,
        null
      ],
      "/Users/sherodtaylor/Dropbox/wdi/goodfood2/app/controllers/sessions_controller.rb": [
        1,
        1,
        3,
        3,
        3,
        null,
        null,
        3,
        1,
        null,
        null,
        3,
        1,
        1,
        2,
        1,
        1,
        1,
        1,
        null,
        1,
        1,
        1,
        null,
        null,
        null,
        1,
        1,
        1,
        null,
        null
      ],
      "/Users/sherodtaylor/Dropbox/wdi/goodfood2/app/models/favorite.rb": [
        1,
        1,
        1,
        null
      ],
      "/Users/sherodtaylor/Dropbox/wdi/goodfood2/app/models/provider.rb": [
        1,
        1,
        1,
        null,
        1,
        3,
        3,
        null,
        null,
        1,
        1,
        null,
        null
      ],
      "/Users/sherodtaylor/Dropbox/wdi/goodfood2/app/models/search.rb": [
        1,
        1,
        2,
        80,
        null,
        2,
        null,
        null,
        null,
        1,
        null,
        1,
        4,
        4,
        4,
        4,
        4,
        4,
        4,
        null,
        4,
        4,
        0,
        null,
        4,
        null,
        null,
        4,
        0,
        null,
        4,
        4,
        null,
        null,
        4,
        0,
        null,
        4,
        null,
        null,
        4,
        0,
        null,
        4,
        null,
        null,
        4,
        0,
        0,
        null,
        4,
        4,
        4,
        4,
        4,
        null,
        4,
        0,
        null,
        4,
        null,
        null,
        4,
        0,
        null,
        4,
        null,
        null,
        null,
        4,
        null,
        null,
        1,
        2,
        2,
        null,
        null,
        null,
        null,
        null,
        null,
        null,
        null,
        null,
        null,
        2,
        null,
        2,
        null,
        40,
        4,
        4,
        4,
        4,
        4,
        4,
        4,
        4,
        14,
        4,
        4,
        4,
        null,
        4,
        null,
        null,
        null,
        null,
        null,
        null,
        null,
        null,
        null,
        null,
        null,
        null,
        null,
        null,
        null,
        4,
        null,
        null,
        42,
        2,
        0,
        null,
        2,
        null,
        null,
        null
      ],
      "/Users/sherodtaylor/Dropbox/wdi/goodfood2/app/models/user.rb": [
        1,
        1,
        1,
        null,
        1,
        1,
        null,
        null,
        1,
        3,
        3,
        3,
        3,
        3,
        null,
        3,
        3,
        3,
        null,
        null,
        3,
        null,
        null,
        null,
        null,
        1,
        4,
        4,
        null,
        null
      ]
    },
    "timestamp": 1368729821
  }
}
